{"total": {"lines":{"total":109,"covered":108,"skipped":0,"pct":99.08},"statements":{"total":135,"covered":134,"skipped":0,"pct":99.26},"functions":{"total":21,"covered":21,"skipped":0,"pct":100},"branches":{"total":43,"covered":36,"skipped":0,"pct":83.72}}
,"/Users/ichijou/Projects/govtech-nodejs-api/src/api/commonstudents.ts": {"lines":{"total":24,"covered":24,"skipped":0,"pct":100},"functions":{"total":4,"covered":4,"skipped":0,"pct":100},"statements":{"total":31,"covered":31,"skipped":0,"pct":100},"branches":{"total":7,"covered":6,"skipped":0,"pct":85.71}}
,"/Users/ichijou/Projects/govtech-nodejs-api/src/api/delete.ts": {"lines":{"total":17,"covered":17,"skipped":0,"pct":100},"functions":{"total":2,"covered":2,"skipped":0,"pct":100},"statements":{"total":25,"covered":25,"skipped":0,"pct":100},"branches":{"total":8,"covered":7,"skipped":0,"pct":87.5}}
,"/Users/ichijou/Projects/govtech-nodejs-api/src/api/register.ts": {"lines":{"total":20,"covered":20,"skipped":0,"pct":100},"functions":{"total":7,"covered":7,"skipped":0,"pct":100},"statements":{"total":23,"covered":23,"skipped":0,"pct":100},"branches":{"total":4,"covered":3,"skipped":0,"pct":75}}
,"/Users/ichijou/Projects/govtech-nodejs-api/src/api/retrievefornotifications.ts": {"lines":{"total":35,"covered":34,"skipped":0,"pct":97.14},"functions":{"total":6,"covered":6,"skipped":0,"pct":100},"statements":{"total":41,"covered":40,"skipped":0,"pct":97.56},"branches":{"total":20,"covered":17,"skipped":0,"pct":85}}
,"/Users/ichijou/Projects/govtech-nodejs-api/src/api/suspend.ts": {"lines":{"total":13,"covered":13,"skipped":0,"pct":100},"functions":{"total":2,"covered":2,"skipped":0,"pct":100},"statements":{"total":15,"covered":15,"skipped":0,"pct":100},"branches":{"total":4,"covered":3,"skipped":0,"pct":75}}
}
