TN:
SF:src/api/commonstudents.ts
FN:10,getCommonStudentsSqlString
FN:26,(anonymous_16)
FN:26,(anonymous_17)
FN:56,(anonymous_19)
FNF:4
FNH:4
FNDA:5,getCommonStudentsSqlString
FNDA:9,(anonymous_16)
FNDA:9,(anonymous_17)
FNDA:16,(anonymous_19)
DA:3,2
DA:4,2
DA:6,2
DA:11,5
DA:13,5
DA:14,2
DA:17,5
DA:19,5
DA:20,2
DA:23,5
DA:26,9
DA:31,9
DA:38,9
DA:39,18
DA:41,7
DA:43,9
DA:44,5
DA:49,2
DA:55,7
DA:56,16
DA:58,2
DA:59,2
DA:62,9
DA:63,18
LF:24
LH:24
BRDA:49,0,0,2
BRDA:43,1,0,2
BRDA:43,1,1,5
BRDA:58,2,0,2
BRDA:58,2,1,2
BRDA:62,3,0,0
BRDA:62,3,1,9
BRF:7
BRH:6
end_of_record
TN:
SF:src/api/delete.ts
FN:11,(anonymous_14)
FN:11,(anonymous_15)
FNF:2
FNH:2
FNDA:5,(anonymous_14)
FNDA:5,(anonymous_15)
DA:3,5
DA:4,5
DA:6,5
DA:11,5
DA:16,5
DA:23,5
DA:24,10
DA:26,14
DA:28,20
DA:34,20
DA:40,25
DA:42,42
DA:48,4
DA:50,1
DA:51,1
DA:54,5
DA:55,10
LF:17
LH:17
BRDA:26,0,0,4
BRDA:26,0,1,10
BRDA:40,1,0,4
BRDA:40,1,1,21
BRDA:50,2,0,1
BRDA:50,2,1,1
BRDA:54,3,0,0
BRDA:54,3,1,5
BRF:8
BRH:7
end_of_record
TN:
SF:src/api/register.ts
FN:11,(anonymous_14)
FN:11,(anonymous_15)
FN:26,(anonymous_17)
FN:35,(anonymous_18)
FN:41,(anonymous_19)
FN:43,(anonymous_20)
FN:44,(anonymous_21)
FNF:7
FNH:7
FNDA:13,(anonymous_14)
FNDA:13,(anonymous_15)
FNDA:77,(anonymous_17)
FNDA:32,(anonymous_18)
FNDA:32,(anonymous_19)
FNDA:32,(anonymous_20)
FNDA:32,(anonymous_21)
DA:3,4
DA:4,4
DA:6,4
DA:11,13
DA:16,13
DA:23,13
DA:24,26
DA:26,77
DA:28,26
DA:33,26
DA:35,32
DA:38,26
DA:41,32
DA:43,32
DA:44,32
DA:49,12
DA:51,1
DA:52,1
DA:55,13
DA:56,26
LF:20
LH:20
BRDA:51,0,0,1
BRDA:51,0,1,1
BRDA:55,1,0,0
BRDA:55,1,1,13
BRF:4
BRH:3
end_of_record
TN:
SF:src/api/retrievefornotifications.ts
FN:15,getStudentEmail
FN:33,getStudentEmails
FN:48,(anonymous_16)
FN:48,(anonymous_17)
FN:67,(anonymous_19)
FN:77,(anonymous_20)
FNF:6
FNH:6
FNDA:6,getStudentEmail
FNDA:5,getStudentEmails
FNDA:6,(anonymous_16)
FNDA:6,(anonymous_17)
FNDA:6,(anonymous_19)
FNDA:15,(anonymous_20)
DA:3,1
DA:4,1
DA:6,1
DA:11,1
DA:16,6
DA:18,6
DA:19,93
DA:20,3
DA:23,90
DA:25,90
DA:26,3
DA:30,0
DA:34,5
DA:36,5
DA:37,77
DA:38,6
DA:40,6
DA:41,6
DA:45,5
DA:48,6
DA:53,6
DA:60,6
DA:61,12
DA:63,5
DA:64,10
DA:66,5
DA:67,5
DA:68,6
DA:71,5
DA:76,5
DA:77,15
DA:79,1
DA:80,1
DA:83,6
DA:84,12
LF:35
LH:34
BRDA:19,0,0,3
BRDA:19,0,1,90
BRDA:19,1,0,93
BRDA:19,1,1,93
BRDA:25,2,0,3
BRDA:25,2,1,87
BRDA:37,3,0,6
BRDA:37,3,1,71
BRDA:40,4,0,0
BRDA:40,4,1,6
BRDA:40,5,0,6
BRDA:40,5,1,6
BRDA:41,6,0,0
BRDA:41,6,1,6
BRDA:41,7,0,6
BRDA:41,7,1,6
BRDA:79,8,0,1
BRDA:79,8,1,1
BRDA:83,9,0,0
BRDA:83,9,1,6
BRF:20
BRH:17
end_of_record
TN:
SF:src/api/suspend.ts
FN:10,(anonymous_14)
FN:10,(anonymous_15)
FNF:2
FNH:2
FNDA:5,(anonymous_14)
FNDA:5,(anonymous_15)
DA:3,2
DA:4,2
DA:6,2
DA:10,5
DA:15,5
DA:22,5
DA:23,10
DA:25,8
DA:30,4
DA:32,1
DA:33,1
DA:36,5
DA:37,10
LF:13
LH:13
BRDA:32,0,0,1
BRDA:32,0,1,1
BRDA:36,1,0,0
BRDA:36,1,1,5
BRF:4
BRH:3
end_of_record
